c:\users\parikshit\documents\visual studio 2013\projects\mygame\mygame\debug\vc120.pdb
c:\users\parikshit\documents\visual studio 2013\projects\mygame\mygame\debug\vc120.idb
c:\users\parikshit\documents\visual studio 2013\projects\mygame\mygame\debug\badfaerie.nativecodeanalysis.xml
c:\users\parikshit\documents\visual studio 2013\projects\mygame\mygame\debug\camera.nativecodeanalysis.xml
c:\users\parikshit\documents\visual studio 2013\projects\mygame\mygame\debug\enemy.nativecodeanalysis.xml
c:\users\parikshit\documents\visual studio 2013\projects\mygame\mygame\debug\eventreciever.nativecodeanalysis.xml
c:\users\parikshit\documents\visual studio 2013\projects\mygame\mygame\debug\game.nativecodeanalysis.xml
c:\users\parikshit\documents\visual studio 2013\projects\mygame\mygame\debug\gamehud.nativecodeanalysis.xml
c:\users\parikshit\documents\visual studio 2013\projects\mygame\mygame\debug\gameobject.nativecodeanalysis.xml
c:\users\parikshit\documents\visual studio 2013\projects\mygame\mygame\debug\monster.nativecodeanalysis.xml
c:\users\parikshit\documents\visual studio 2013\projects\mygame\mygame\debug\player.nativecodeanalysis.xml
c:\users\parikshit\documents\visual studio 2013\projects\mygame\mygame\debug\powerball.nativecodeanalysis.xml
c:\users\parikshit\documents\visual studio 2013\projects\mygame\mygame\debug\powerballenemy.nativecodeanalysis.xml
c:\users\parikshit\documents\visual studio 2013\projects\mygame\mygame\debug\skybox.nativecodeanalysis.xml
c:\users\parikshit\documents\visual studio 2013\projects\mygame\mygame\debug\wraith.nativecodeanalysis.xml
c:\users\parikshit\documents\visual studio 2013\projects\mygame\mygame\debug\terrain.nativecodeanalysis.xml
c:\users\parikshit\documents\visual studio 2013\projects\mygame\mygame\debug\terrain.obj
c:\users\parikshit\documents\visual studio 2013\projects\mygame\mygame\debug\wraith.obj
c:\users\parikshit\documents\visual studio 2013\projects\mygame\mygame\debug\skybox.obj
c:\users\parikshit\documents\visual studio 2013\projects\mygame\mygame\debug\powerballenemy.obj
c:\users\parikshit\documents\visual studio 2013\projects\mygame\mygame\debug\powerball.obj
c:\users\parikshit\documents\visual studio 2013\projects\mygame\mygame\debug\player.obj
c:\users\parikshit\documents\visual studio 2013\projects\mygame\mygame\debug\monster.obj
c:\users\parikshit\documents\visual studio 2013\projects\mygame\mygame\debug\gameobject.obj
c:\users\parikshit\documents\visual studio 2013\projects\mygame\mygame\debug\gamehud.obj
c:\users\parikshit\documents\visual studio 2013\projects\mygame\mygame\debug\game.obj
c:\users\parikshit\documents\visual studio 2013\projects\mygame\mygame\debug\eventreciever.obj
c:\users\parikshit\documents\visual studio 2013\projects\mygame\mygame\debug\enemy.obj
c:\users\parikshit\documents\visual studio 2013\projects\mygame\mygame\debug\camera.obj
c:\users\parikshit\documents\visual studio 2013\projects\mygame\mygame\debug\badfaerie.obj
g:\mygame\mygame\debug\vc120.pdb
g:\mygame\mygame\debug\vc120.idb
g:\mygame\mygame\debug\badfaerie.obj
g:\mygame\mygame\debug\camera.obj
g:\mygame\mygame\debug\enemy.obj
g:\mygame\mygame\debug\eventreciever.obj
g:\mygame\mygame\debug\game.obj
g:\mygame\mygame\debug\gamehud.obj
g:\mygame\mygame\debug\gameobject.obj
g:\mygame\mygame\debug\monster.obj
g:\mygame\mygame\debug\player.obj
g:\mygame\mygame\debug\powerball.obj
g:\mygame\mygame\debug\powerballenemy.obj
g:\mygame\mygame\debug\skybox.obj
g:\mygame\mygame\debug\wraith.obj
g:\mygame\mygame\debug\terrain.obj
c:\users\parikshit\documents\visual studio 2013\projects\mygame\debug\mygame.ilk
c:\users\parikshit\documents\visual studio 2013\projects\mygame\debug\mygame.exe
c:\users\parikshit\documents\visual studio 2013\projects\mygame\debug\mygame.pdb
g:\mygame\debug\mygame.ilk
g:\mygame\debug\mygame.exe
g:\mygame\debug\mygame.pdb
g:\mygame\mygame\debug\nativecodeanalysis.read.1.tlog
g:\mygame\mygame\debug\badfaerie.nativecodeanalysis.xml
g:\mygame\mygame\debug\camera.nativecodeanalysis.xml
g:\mygame\mygame\debug\enemy.nativecodeanalysis.xml
g:\mygame\mygame\debug\eventreciever.nativecodeanalysis.xml
g:\mygame\mygame\debug\game.nativecodeanalysis.xml
g:\mygame\mygame\debug\gamehud.nativecodeanalysis.xml
g:\mygame\mygame\debug\gameobject.nativecodeanalysis.xml
g:\mygame\mygame\debug\monster.nativecodeanalysis.xml
g:\mygame\mygame\debug\player.nativecodeanalysis.xml
g:\mygame\mygame\debug\powerball.nativecodeanalysis.xml
g:\mygame\mygame\debug\powerballenemy.nativecodeanalysis.xml
g:\mygame\mygame\debug\skybox.nativecodeanalysis.xml
g:\mygame\mygame\debug\terrain.nativecodeanalysis.xml
g:\mygame\mygame\debug\vc.nativecodeanalysis.all.xml
g:\mygame\mygame\debug\wraith.nativecodeanalysis.xml
g:\mygame\debug\mygame.exe.lastcodeanalysissucceeded
g:\mygame\mygame\debug\mygame.tlog\cl.command.1.tlog
g:\mygame\mygame\debug\mygame.tlog\cl.read.1.tlog
g:\mygame\mygame\debug\mygame.tlog\cl.write.1.tlog
g:\mygame\mygame\debug\mygame.tlog\link.command.1.tlog
g:\mygame\mygame\debug\mygame.tlog\link.read.1.tlog
g:\mygame\mygame\debug\mygame.tlog\link.write.1.tlog
