Build started 17-12-2014 23:29:04.
     1>Project "G:\MyGame\MyGame\MyGame.vcxproj" on node 2 (Build target(s)).
     1>ClCompile:
         C:\Program Files (x86)\Microsoft Visual Studio 12.0\VC\bin\CL.exe /c /I"G:\irrlicht-1.8.1\include" /ZI /nologo /W3 /WX- /sdl /Od /Oy- /D _MBCS /Gm /EHsc /RTC1 /MDd /GS /fp:precise /Zc:wchar_t /Zc:forScope /Fo"Debug\\" /Fd"Debug\vc120.pdb" /Gd /TP /analyze- /errorReport:prompt HealthPickup.cpp Skybox.cpp
         Skybox.cpp
         HealthPickup.cpp
         Generating Code...
       Link:
         C:\Program Files (x86)\Microsoft Visual Studio 12.0\VC\bin\link.exe /ERRORREPORT:PROMPT /OUT:"G:\MyGame\Debug\MyGame.exe" /INCREMENTAL /NOLOGO /LIBPATH:"G:\irrlicht-1.8.1\lib\Win32-visualstudio" kernel32.lib user32.lib gdi32.lib winspool.lib comdlg32.lib advapi32.lib shell32.lib ole32.lib oleaut32.lib uuid.lib odbc32.lib odbccp32.lib /MANIFEST /MANIFESTUAC:"level='asInvoker' uiAccess='false'" /manifest:embed /DEBUG /PDB:"G:\MyGame\Debug\MyGame.pdb" /TLBID:1 /DYNAMICBASE /NXCOMPAT /IMPLIB:"G:\MyGame\Debug\MyGame.lib" /MACHINE:X86 Debug\BadFaerie.obj
         Debug\Camera.obj
         Debug\Enemy.obj
         Debug\EventReciever.obj
         Debug\Game.obj
         Debug\GameHud.obj
         Debug\GameObject.obj
         Debug\HealthPickup.obj
         Debug\main.obj
         Debug\Monster.obj
         Debug\Player.obj
         Debug\PowerBall.obj
         Debug\PowerBallEnemy.obj
         Debug\Skybox.obj
         Debug\Wraith.obj
         Debug\Terrain.obj
         MyGame.vcxproj -> G:\MyGame\Debug\MyGame.exe
     1>Done Building Project "G:\MyGame\MyGame\MyGame.vcxproj" (Build target(s)).

Build succeeded.

Time Elapsed 00:00:02.63
